The system is: Darwin - 17.2.0 - x86_64
Compiling the CXX compiler identification source file "CMakeCXXCompilerId.cpp" succeeded.
Compiler: /Users/baidu/Project/android-toolchain/bin/arm-linux-androideabi-g++ 
Build flags: -ffunction-sections;-fdata-sections;-mfpu=neon;
Id flags:  

The output was:
0


Compilation of the CXX compiler identification source "CMakeCXXCompilerId.cpp" produced "a.out"

The CXX compiler identification is GNU, found in "/Users/baidu/Project/paddle-mobile/mobilenet-AS/app/src/main/jni/build/CMakeFiles/3.8.0/CompilerIdCXX/a.out"

Compiling the C compiler identification source file "CMakeCCompilerId.c" succeeded.
Compiler: /Users/baidu/Project/android-toolchain/bin/arm-linux-androideabi-gcc 
Build flags: -ffunction-sections;-fdata-sections;-mfpu=neon;
Id flags:  

The output was:
0


Compilation of the C compiler identification source "CMakeCCompilerId.c" produced "a.out"

The C compiler identification is GNU, found in "/Users/baidu/Project/paddle-mobile/mobilenet-AS/app/src/main/jni/build/CMakeFiles/3.8.0/CompilerIdC/a.out"

Determining if the CXX compiler works passed with the following output:
Change Dir: /Users/baidu/Project/paddle-mobile/mobilenet-AS/app/src/main/jni/build/CMakeFiles/CMakeTmp

Run Build Command:"/usr/bin/make" "cmTC_c422c/fast"
/Applications/Xcode.app/Contents/Developer/usr/bin/make -f CMakeFiles/cmTC_c422c.dir/build.make CMakeFiles/cmTC_c422c.dir/build
Building CXX object CMakeFiles/cmTC_c422c.dir/testCXXCompiler.cxx.o
/Users/baidu/Project/android-toolchain/bin/arm-linux-androideabi-g++ --sysroot=/Users/baidu/Project/android-toolchain/sysroot    -ffunction-sections -fdata-sections -mfpu=neon   -isysroot /Applications/Xcode.app/Contents/Developer/Platforms/MacOSX.platform/Developer/SDKs/MacOSX10.13.sdk   -o CMakeFiles/cmTC_c422c.dir/testCXXCompiler.cxx.o -c /Users/baidu/Project/paddle-mobile/mobilenet-AS/app/src/main/jni/build/CMakeFiles/CMakeTmp/testCXXCompiler.cxx
Linking CXX executable cmTC_c422c
/usr/local/Cellar/cmake/3.8.0/bin/cmake -E cmake_link_script CMakeFiles/cmTC_c422c.dir/link.txt --verbose=1
/Users/baidu/Project/android-toolchain/bin/arm-linux-androideabi-g++ --sysroot=/Users/baidu/Project/android-toolchain/sysroot  -ffunction-sections -fdata-sections -mfpu=neon   -isysroot /Applications/Xcode.app/Contents/Developer/Platforms/MacOSX.platform/Developer/SDKs/MacOSX10.13.sdk -Wl,-search_paths_first -Wl,-headerpad_max_install_names   CMakeFiles/cmTC_c422c.dir/testCXXCompiler.cxx.o  -o cmTC_c422c 
/Users/baidu/Project/android-toolchain/bin/../lib/gcc/arm-linux-androideabi/4.9.x/../../../../arm-linux-androideabi/bin/ld: warning: cannot find entry symbol 'arch_paths_first'


Detecting CXX compiler ABI info compiled with the following output:
Change Dir: /Users/baidu/Project/paddle-mobile/mobilenet-AS/app/src/main/jni/build/CMakeFiles/CMakeTmp

Run Build Command:"/usr/bin/make" "cmTC_40a36/fast"
/Applications/Xcode.app/Contents/Developer/usr/bin/make -f CMakeFiles/cmTC_40a36.dir/build.make CMakeFiles/cmTC_40a36.dir/build
Building CXX object CMakeFiles/cmTC_40a36.dir/CMakeCXXCompilerABI.cpp.o
/Users/baidu/Project/android-toolchain/bin/arm-linux-androideabi-g++ --sysroot=/Users/baidu/Project/android-toolchain/sysroot    -ffunction-sections -fdata-sections -mfpu=neon   -isysroot /Applications/Xcode.app/Contents/Developer/Platforms/MacOSX.platform/Developer/SDKs/MacOSX10.13.sdk   -o CMakeFiles/cmTC_40a36.dir/CMakeCXXCompilerABI.cpp.o -c /usr/local/Cellar/cmake/3.8.0/share/cmake/Modules/CMakeCXXCompilerABI.cpp
Linking CXX executable cmTC_40a36
/usr/local/Cellar/cmake/3.8.0/bin/cmake -E cmake_link_script CMakeFiles/cmTC_40a36.dir/link.txt --verbose=1
/Users/baidu/Project/android-toolchain/bin/arm-linux-androideabi-g++ --sysroot=/Users/baidu/Project/android-toolchain/sysroot  -ffunction-sections -fdata-sections -mfpu=neon   -isysroot /Applications/Xcode.app/Contents/Developer/Platforms/MacOSX.platform/Developer/SDKs/MacOSX10.13.sdk -Wl,-search_paths_first -Wl,-headerpad_max_install_names  -v -Wl,-v CMakeFiles/cmTC_40a36.dir/CMakeCXXCompilerABI.cpp.o  -o cmTC_40a36 
Using built-in specs.
COLLECT_GCC=/Users/baidu/Project/android-toolchain/bin/arm-linux-androideabi-g++
COLLECT_LTO_WRAPPER=/Users/baidu/Project/android-toolchain/bin/../libexec/gcc/arm-linux-androideabi/4.9.x/lto-wrapper
Target: arm-linux-androideabi
Configured with: /Volumes/Android/buildbot/src/android/gcc/toolchain/build/../gcc/gcc-4.9/configure --prefix=/tmp/0899942388fbb00fc6ca4802fb5910ae --target=arm-linux-androideabi --host=x86_64-apple-darwin --build=x86_64-apple-darwin --with-gnu-as --with-gnu-ld --enable-languages=c,c++ --with-gmp=/buildbot/tmp/build/toolchain/temp-install --with-mpfr=/buildbot/tmp/build/toolchain/temp-install --with-mpc=/buildbot/tmp/build/toolchain/temp-install --with-cloog=/buildbot/tmp/build/toolchain/temp-install --with-isl=/buildbot/tmp/build/toolchain/temp-install --with-ppl=/buildbot/tmp/build/toolchain/temp-install --disable-ppl-version-check --disable-cloog-version-check --disable-isl-version-check --enable-cloog-backend=isl --with-host-libstdcxx='-static-libgcc -lstdc++ -lm' --disable-libssp --enable-threads --disable-nls --disable-libmudflap --disable-libgomp --disable-libstdc__-v3 --disable-sjlj-exceptions --disable-shared --disable-tls --disable-libitm --with-float=soft --with-fpu=vfp --with-arch=armv5te --enable-target-optspace --enable-bionic-libs --enable-libatomic-ifuncs=no --enable-initfini-array --disable-nls --prefix=/tmp/0899942388fbb00fc6ca4802fb5910ae --with-sysroot=/tmp/0899942388fbb00fc6ca4802fb5910ae/sysroot --with-binutils-version=2.25 --with-mpfr-version=3.1.1 --with-mpc-version=1.0.1 --with-gmp-version=5.0.5 --with-gcc-version=4.9 --with-gdb-version=none --with-gxx-include-dir=/tmp/0899942388fbb00fc6ca4802fb5910ae/include/c++/4.9.x --with-bugurl=http://source.android.com/source/report-bugs.html --enable-languages=c,c++ --disable-bootstrap --enable-plugins --enable-libgomp --enable-gnu-indirect-function --disable-libsanitizer --enable-gold --enable-threads --enable-eh-frame-hdr-for-static --enable-graphite=yes --with-isl-version=0.11.1 --with-cloog-version=0.18.0 --with-arch=armv5te --program-transform-name='s&^&arm-linux-androideabi-&' --enable-gold=default
Thread model: posix
gcc version 4.9.x 20150123 (prerelease) (GCC) 
COMPILER_PATH=/Users/baidu/Project/android-toolchain/bin/../libexec/gcc/arm-linux-androideabi/4.9.x/:/Users/baidu/Project/android-toolchain/bin/../libexec/gcc/:/Users/baidu/Project/android-toolchain/bin/../lib/gcc/arm-linux-androideabi/4.9.x/../../../../arm-linux-androideabi/bin/
LIBRARY_PATH=/Users/baidu/Project/android-toolchain/bin/../lib/gcc/arm-linux-androideabi/4.9.x/:/Users/baidu/Project/android-toolchain/bin/../lib/gcc/:/Users/baidu/Project/android-toolchain/bin/../lib/gcc/arm-linux-androideabi/4.9.x/../../../../arm-linux-androideabi/lib/:/Users/baidu/Project/android-toolchain/sysroot/usr/lib/
COLLECT_GCC_OPTIONS='-ffunction-sections' '-fdata-sections' '-mfpu=neon' '-isysroot' '/Applications/Xcode.app/Contents/Developer/Platforms/MacOSX.platform/Developer/SDKs/MacOSX10.13.sdk' '-v' '-o' 'cmTC_40a36' '-march=armv5te' '-mfloat-abi=soft' '-mtls-dialect=gnu'
 /Users/baidu/Project/android-toolchain/bin/../libexec/gcc/arm-linux-androideabi/4.9.x/collect2 -plugin /Users/baidu/Project/android-toolchain/bin/../libexec/gcc/arm-linux-androideabi/4.9.x/liblto_plugin.so -plugin-opt=/Users/baidu/Project/android-toolchain/bin/../libexec/gcc/arm-linux-androideabi/4.9.x/lto-wrapper -plugin-opt=-fresolution=/var/folders/sc/rpg0yq054hb7vdr83ms1rp2w0000gn/T//ccho7Lzl.res -plugin-opt=-pass-through=-lgcc -plugin-opt=-pass-through=-lc -plugin-opt=-pass-through=-ldl -plugin-opt=-pass-through=-lgcc --sysroot=/Users/baidu/Project/android-toolchain/sysroot --eh-frame-hdr -dynamic-linker /system/bin/linker -X -m armelf_linux_eabi -z noexecstack -z relro -z now -o cmTC_40a36 /Users/baidu/Project/android-toolchain/sysroot/usr/lib/crtbegin_dynamic.o -L/Users/baidu/Project/android-toolchain/bin/../lib/gcc/arm-linux-androideabi/4.9.x -L/Users/baidu/Project/android-toolchain/bin/../lib/gcc -L/Users/baidu/Project/android-toolchain/bin/../lib/gcc/arm-linux-androideabi/4.9.x/../../../../arm-linux-androideabi/lib -L/Users/baidu/Project/android-toolchain/sysroot/usr/lib -search_paths_first -headerpad_max_install_names -v CMakeFiles/cmTC_40a36.dir/CMakeCXXCompilerABI.cpp.o -lstdc++ -lm -lgcc -lc -ldl -lgcc /Users/baidu/Project/android-toolchain/sysroot/usr/lib/crtend_android.o
collect2 version 4.9.x 20150123 (prerelease)
/Users/baidu/Project/android-toolchain/bin/../lib/gcc/arm-linux-androideabi/4.9.x/../../../../arm-linux-androideabi/bin/ld -plugin /Users/baidu/Project/android-toolchain/bin/../libexec/gcc/arm-linux-androideabi/4.9.x/liblto_plugin.so -plugin-opt=/Users/baidu/Project/android-toolchain/bin/../libexec/gcc/arm-linux-androideabi/4.9.x/lto-wrapper -plugin-opt=-fresolution=/var/folders/sc/rpg0yq054hb7vdr83ms1rp2w0000gn/T//ccho7Lzl.res -plugin-opt=-pass-through=-lgcc -plugin-opt=-pass-through=-lc -plugin-opt=-pass-through=-ldl -plugin-opt=-pass-through=-lgcc --sysroot=/Users/baidu/Project/android-toolchain/sysroot --eh-frame-hdr -dynamic-linker /system/bin/linker -X -m armelf_linux_eabi -z noexecstack -z relro -z now -o cmTC_40a36 /Users/baidu/Project/android-toolchain/sysroot/usr/lib/crtbegin_dynamic.o -L/Users/baidu/Project/android-toolchain/bin/../lib/gcc/arm-linux-androideabi/4.9.x -L/Users/baidu/Project/android-toolchain/bin/../lib/gcc -L/Users/baidu/Project/android-toolchain/bin/../lib/gcc/arm-linux-androideabi/4.9.x/../../../../arm-linux-androideabi/lib -L/Users/baidu/Project/android-toolchain/sysroot/usr/lib -search_paths_first -headerpad_max_install_names -v CMakeFiles/cmTC_40a36.dir/CMakeCXXCompilerABI.cpp.o -lstdc++ -lm -lgcc -lc -ldl -lgcc /Users/baidu/Project/android-toolchain/sysroot/usr/lib/crtend_android.o
GNU gold (binutils-2.25-0666073 2.25.51.20141117) 1.11/Users/baidu/Project/android-toolchain/bin/../lib/gcc/arm-linux-androideabi/4.9.x/../../../../arm-linux-androideabi/bin/ld: warning: cannot find entry symbol 'arch_paths_first'



Parsed CXX implicit link information from above output:
  link line regex: [^( *|.*[/\])(ld|([^/\]+-)?ld|collect2)[^/\]*( |$)]
  ignore line: [Change Dir: /Users/baidu/Project/paddle-mobile/mobilenet-AS/app/src/main/jni/build/CMakeFiles/CMakeTmp]
  ignore line: []
  ignore line: [Run Build Command:"/usr/bin/make" "cmTC_40a36/fast"]
  ignore line: [/Applications/Xcode.app/Contents/Developer/usr/bin/make -f CMakeFiles/cmTC_40a36.dir/build.make CMakeFiles/cmTC_40a36.dir/build]
  ignore line: [Building CXX object CMakeFiles/cmTC_40a36.dir/CMakeCXXCompilerABI.cpp.o]
  ignore line: [/Users/baidu/Project/android-toolchain/bin/arm-linux-androideabi-g++ --sysroot=/Users/baidu/Project/android-toolchain/sysroot    -ffunction-sections -fdata-sections -mfpu=neon   -isysroot /Applications/Xcode.app/Contents/Developer/Platforms/MacOSX.platform/Developer/SDKs/MacOSX10.13.sdk   -o CMakeFiles/cmTC_40a36.dir/CMakeCXXCompilerABI.cpp.o -c /usr/local/Cellar/cmake/3.8.0/share/cmake/Modules/CMakeCXXCompilerABI.cpp]
  ignore line: [Linking CXX executable cmTC_40a36]
  ignore line: [/usr/local/Cellar/cmake/3.8.0/bin/cmake -E cmake_link_script CMakeFiles/cmTC_40a36.dir/link.txt --verbose=1]
  ignore line: [/Users/baidu/Project/android-toolchain/bin/arm-linux-androideabi-g++ --sysroot=/Users/baidu/Project/android-toolchain/sysroot  -ffunction-sections -fdata-sections -mfpu=neon   -isysroot /Applications/Xcode.app/Contents/Developer/Platforms/MacOSX.platform/Developer/SDKs/MacOSX10.13.sdk -Wl,-search_paths_first -Wl,-headerpad_max_install_names  -v -Wl,-v CMakeFiles/cmTC_40a36.dir/CMakeCXXCompilerABI.cpp.o  -o cmTC_40a36 ]
  ignore line: [Using built-in specs.]
  ignore line: [COLLECT_GCC=/Users/baidu/Project/android-toolchain/bin/arm-linux-androideabi-g++]
  ignore line: [COLLECT_LTO_WRAPPER=/Users/baidu/Project/android-toolchain/bin/../libexec/gcc/arm-linux-androideabi/4.9.x/lto-wrapper]
  ignore line: [Target: arm-linux-androideabi]
  ignore line: [Configured with: /Volumes/Android/buildbot/src/android/gcc/toolchain/build/../gcc/gcc-4.9/configure --prefix=/tmp/0899942388fbb00fc6ca4802fb5910ae --target=arm-linux-androideabi --host=x86_64-apple-darwin --build=x86_64-apple-darwin --with-gnu-as --with-gnu-ld --enable-languages=c,c++ --with-gmp=/buildbot/tmp/build/toolchain/temp-install --with-mpfr=/buildbot/tmp/build/toolchain/temp-install --with-mpc=/buildbot/tmp/build/toolchain/temp-install --with-cloog=/buildbot/tmp/build/toolchain/temp-install --with-isl=/buildbot/tmp/build/toolchain/temp-install --with-ppl=/buildbot/tmp/build/toolchain/temp-install --disable-ppl-version-check --disable-cloog-version-check --disable-isl-version-check --enable-cloog-backend=isl --with-host-libstdcxx='-static-libgcc -lstdc++ -lm' --disable-libssp --enable-threads --disable-nls --disable-libmudflap --disable-libgomp --disable-libstdc__-v3 --disable-sjlj-exceptions --disable-shared --disable-tls --disable-libitm --with-float=soft --with-fpu=vfp --with-arch=armv5te --enable-target-optspace --enable-bionic-libs --enable-libatomic-ifuncs=no --enable-initfini-array --disable-nls --prefix=/tmp/0899942388fbb00fc6ca4802fb5910ae --with-sysroot=/tmp/0899942388fbb00fc6ca4802fb5910ae/sysroot --with-binutils-version=2.25 --with-mpfr-version=3.1.1 --with-mpc-version=1.0.1 --with-gmp-version=5.0.5 --with-gcc-version=4.9 --with-gdb-version=none --with-gxx-include-dir=/tmp/0899942388fbb00fc6ca4802fb5910ae/include/c++/4.9.x --with-bugurl=http://source.android.com/source/report-bugs.html --enable-languages=c,c++ --disable-bootstrap --enable-plugins --enable-libgomp --enable-gnu-indirect-function --disable-libsanitizer --enable-gold --enable-threads --enable-eh-frame-hdr-for-static --enable-graphite=yes --with-isl-version=0.11.1 --with-cloog-version=0.18.0 --with-arch=armv5te --program-transform-name='s&^&arm-linux-androideabi-&' --enable-gold=default]
  ignore line: [Thread model: posix]
  ignore line: [gcc version 4.9.x 20150123 (prerelease) (GCC) ]
  ignore line: [COMPILER_PATH=/Users/baidu/Project/android-toolchain/bin/../libexec/gcc/arm-linux-androideabi/4.9.x/:/Users/baidu/Project/android-toolchain/bin/../libexec/gcc/:/Users/baidu/Project/android-toolchain/bin/../lib/gcc/arm-linux-androideabi/4.9.x/../../../../arm-linux-androideabi/bin/]
  ignore line: [LIBRARY_PATH=/Users/baidu/Project/android-toolchain/bin/../lib/gcc/arm-linux-androideabi/4.9.x/:/Users/baidu/Project/android-toolchain/bin/../lib/gcc/:/Users/baidu/Project/android-toolchain/bin/../lib/gcc/arm-linux-androideabi/4.9.x/../../../../arm-linux-androideabi/lib/:/Users/baidu/Project/android-toolchain/sysroot/usr/lib/]
  ignore line: [COLLECT_GCC_OPTIONS='-ffunction-sections' '-fdata-sections' '-mfpu=neon' '-isysroot' '/Applications/Xcode.app/Contents/Developer/Platforms/MacOSX.platform/Developer/SDKs/MacOSX10.13.sdk' '-v' '-o' 'cmTC_40a36' '-march=armv5te' '-mfloat-abi=soft' '-mtls-dialect=gnu']
  link line: [ /Users/baidu/Project/android-toolchain/bin/../libexec/gcc/arm-linux-androideabi/4.9.x/collect2 -plugin /Users/baidu/Project/android-toolchain/bin/../libexec/gcc/arm-linux-androideabi/4.9.x/liblto_plugin.so -plugin-opt=/Users/baidu/Project/android-toolchain/bin/../libexec/gcc/arm-linux-androideabi/4.9.x/lto-wrapper -plugin-opt=-fresolution=/var/folders/sc/rpg0yq054hb7vdr83ms1rp2w0000gn/T//ccho7Lzl.res -plugin-opt=-pass-through=-lgcc -plugin-opt=-pass-through=-lc -plugin-opt=-pass-through=-ldl -plugin-opt=-pass-through=-lgcc --sysroot=/Users/baidu/Project/android-toolchain/sysroot --eh-frame-hdr -dynamic-linker /system/bin/linker -X -m armelf_linux_eabi -z noexecstack -z relro -z now -o cmTC_40a36 /Users/baidu/Project/android-toolchain/sysroot/usr/lib/crtbegin_dynamic.o -L/Users/baidu/Project/android-toolchain/bin/../lib/gcc/arm-linux-androideabi/4.9.x -L/Users/baidu/Project/android-toolchain/bin/../lib/gcc -L/Users/baidu/Project/android-toolchain/bin/../lib/gcc/arm-linux-androideabi/4.9.x/../../../../arm-linux-androideabi/lib -L/Users/baidu/Project/android-toolchain/sysroot/usr/lib -search_paths_first -headerpad_max_install_names -v CMakeFiles/cmTC_40a36.dir/CMakeCXXCompilerABI.cpp.o -lstdc++ -lm -lgcc -lc -ldl -lgcc /Users/baidu/Project/android-toolchain/sysroot/usr/lib/crtend_android.o]
    arg [/Users/baidu/Project/android-toolchain/bin/../libexec/gcc/arm-linux-androideabi/4.9.x/collect2] ==> ignore
    arg [-plugin] ==> ignore
    arg [/Users/baidu/Project/android-toolchain/bin/../libexec/gcc/arm-linux-androideabi/4.9.x/liblto_plugin.so] ==> ignore
    arg [-plugin-opt=/Users/baidu/Project/android-toolchain/bin/../libexec/gcc/arm-linux-androideabi/4.9.x/lto-wrapper] ==> ignore
    arg [-plugin-opt=-fresolution=/var/folders/sc/rpg0yq054hb7vdr83ms1rp2w0000gn/T//ccho7Lzl.res] ==> ignore
    arg [-plugin-opt=-pass-through=-lgcc] ==> ignore
    arg [-plugin-opt=-pass-through=-lc] ==> ignore
    arg [-plugin-opt=-pass-through=-ldl] ==> ignore
    arg [-plugin-opt=-pass-through=-lgcc] ==> ignore
    arg [--sysroot=/Users/baidu/Project/android-toolchain/sysroot] ==> ignore
    arg [--eh-frame-hdr] ==> ignore
    arg [-dynamic-linker] ==> ignore
    arg [/system/bin/linker] ==> ignore
    arg [-X] ==> ignore
    arg [-m] ==> ignore
    arg [armelf_linux_eabi] ==> ignore
    arg [-znoexecstack] ==> ignore
    arg [-zrelro] ==> ignore
    arg [-znow] ==> ignore
    arg [-o] ==> ignore
    arg [cmTC_40a36] ==> ignore
    arg [/Users/baidu/Project/android-toolchain/sysroot/usr/lib/crtbegin_dynamic.o] ==> ignore
    arg [-L/Users/baidu/Project/android-toolchain/bin/../lib/gcc/arm-linux-androideabi/4.9.x] ==> dir [/Users/baidu/Project/android-toolchain/bin/../lib/gcc/arm-linux-androideabi/4.9.x]
    arg [-L/Users/baidu/Project/android-toolchain/bin/../lib/gcc] ==> dir [/Users/baidu/Project/android-toolchain/bin/../lib/gcc]
    arg [-L/Users/baidu/Project/android-toolchain/bin/../lib/gcc/arm-linux-androideabi/4.9.x/../../../../arm-linux-androideabi/lib] ==> dir [/Users/baidu/Project/android-toolchain/bin/../lib/gcc/arm-linux-androideabi/4.9.x/../../../../arm-linux-androideabi/lib]
    arg [-L/Users/baidu/Project/android-toolchain/sysroot/usr/lib] ==> dir [/Users/baidu/Project/android-toolchain/sysroot/usr/lib]
    arg [-search_paths_first] ==> ignore
    arg [-headerpad_max_install_names] ==> ignore
    arg [-v] ==> ignore
    arg [CMakeFiles/cmTC_40a36.dir/CMakeCXXCompilerABI.cpp.o] ==> ignore
    arg [-lstdc++] ==> lib [stdc++]
    arg [-lm] ==> lib [m]
    arg [-lgcc] ==> lib [gcc]
    arg [-lc] ==> lib [c]
    arg [-ldl] ==> lib [dl]
    arg [-lgcc] ==> lib [gcc]
    arg [/Users/baidu/Project/android-toolchain/sysroot/usr/lib/crtend_android.o] ==> ignore
  remove lib [gcc]
  remove lib [gcc]
  collapse library dir [/Users/baidu/Project/android-toolchain/bin/../lib/gcc/arm-linux-androideabi/4.9.x] ==> [/Users/baidu/Project/android-toolchain/lib/gcc/arm-linux-androideabi/4.9.x]
  collapse library dir [/Users/baidu/Project/android-toolchain/bin/../lib/gcc] ==> [/Users/baidu/Project/android-toolchain/lib/gcc]
  collapse library dir [/Users/baidu/Project/android-toolchain/bin/../lib/gcc/arm-linux-androideabi/4.9.x/../../../../arm-linux-androideabi/lib] ==> [/Users/baidu/Project/android-toolchain/arm-linux-androideabi/lib]
  collapse library dir [/Users/baidu/Project/android-toolchain/sysroot/usr/lib] ==> [/Users/baidu/Project/android-toolchain/sysroot/usr/lib]
  implicit libs: [stdc++;m;c;dl]
  implicit dirs: [/Users/baidu/Project/android-toolchain/lib/gcc/arm-linux-androideabi/4.9.x;/Users/baidu/Project/android-toolchain/lib/gcc;/Users/baidu/Project/android-toolchain/arm-linux-androideabi/lib;/Users/baidu/Project/android-toolchain/sysroot/usr/lib]
  implicit fwks: []




Detecting CXX [-std=c++14] compiler features compiled with the following output:
Change Dir: /Users/baidu/Project/paddle-mobile/mobilenet-AS/app/src/main/jni/build/CMakeFiles/CMakeTmp

Run Build Command:"/usr/bin/make" "cmTC_2adbe/fast"
/Applications/Xcode.app/Contents/Developer/usr/bin/make -f CMakeFiles/cmTC_2adbe.dir/build.make CMakeFiles/cmTC_2adbe.dir/build
Building CXX object CMakeFiles/cmTC_2adbe.dir/feature_tests.cxx.o
/Users/baidu/Project/android-toolchain/bin/arm-linux-androideabi-g++ --sysroot=/Users/baidu/Project/android-toolchain/sysroot    -ffunction-sections -fdata-sections -mfpu=neon   -isysroot /Applications/Xcode.app/Contents/Developer/Platforms/MacOSX.platform/Developer/SDKs/MacOSX10.13.sdk   -std=c++14 -o CMakeFiles/cmTC_2adbe.dir/feature_tests.cxx.o -c /Users/baidu/Project/paddle-mobile/mobilenet-AS/app/src/main/jni/build/CMakeFiles/feature_tests.cxx
Linking CXX executable cmTC_2adbe
/usr/local/Cellar/cmake/3.8.0/bin/cmake -E cmake_link_script CMakeFiles/cmTC_2adbe.dir/link.txt --verbose=1
/Users/baidu/Project/android-toolchain/bin/arm-linux-androideabi-g++ --sysroot=/Users/baidu/Project/android-toolchain/sysroot  -ffunction-sections -fdata-sections -mfpu=neon   -isysroot /Applications/Xcode.app/Contents/Developer/Platforms/MacOSX.platform/Developer/SDKs/MacOSX10.13.sdk -Wl,-search_paths_first -Wl,-headerpad_max_install_names   CMakeFiles/cmTC_2adbe.dir/feature_tests.cxx.o  -o cmTC_2adbe 
/Users/baidu/Project/android-toolchain/bin/../lib/gcc/arm-linux-androideabi/4.9.x/../../../../arm-linux-androideabi/bin/ld: warning: cannot find entry symbol 'arch_paths_first'


    Feature record: CXX_FEATURE:0cxx_aggregate_default_initializers
    Feature record: CXX_FEATURE:1cxx_alias_templates
    Feature record: CXX_FEATURE:1cxx_alignas
    Feature record: CXX_FEATURE:1cxx_alignof
    Feature record: CXX_FEATURE:1cxx_attributes
    Feature record: CXX_FEATURE:1cxx_attribute_deprecated
    Feature record: CXX_FEATURE:1cxx_auto_type
    Feature record: CXX_FEATURE:1cxx_binary_literals
    Feature record: CXX_FEATURE:1cxx_constexpr
    Feature record: CXX_FEATURE:1cxx_contextual_conversions
    Feature record: CXX_FEATURE:1cxx_decltype
    Feature record: CXX_FEATURE:1cxx_decltype_auto
    Feature record: CXX_FEATURE:1cxx_decltype_incomplete_return_types
    Feature record: CXX_FEATURE:1cxx_default_function_template_args
    Feature record: CXX_FEATURE:1cxx_defaulted_functions
    Feature record: CXX_FEATURE:1cxx_defaulted_move_initializers
    Feature record: CXX_FEATURE:1cxx_delegating_constructors
    Feature record: CXX_FEATURE:1cxx_deleted_functions
    Feature record: CXX_FEATURE:1cxx_digit_separators
    Feature record: CXX_FEATURE:1cxx_enum_forward_declarations
    Feature record: CXX_FEATURE:1cxx_explicit_conversions
    Feature record: CXX_FEATURE:1cxx_extended_friend_declarations
    Feature record: CXX_FEATURE:1cxx_extern_templates
    Feature record: CXX_FEATURE:1cxx_final
    Feature record: CXX_FEATURE:1cxx_func_identifier
    Feature record: CXX_FEATURE:1cxx_generalized_initializers
    Feature record: CXX_FEATURE:1cxx_generic_lambdas
    Feature record: CXX_FEATURE:1cxx_inheriting_constructors
    Feature record: CXX_FEATURE:1cxx_inline_namespaces
    Feature record: CXX_FEATURE:1cxx_lambdas
    Feature record: CXX_FEATURE:1cxx_lambda_init_captures
    Feature record: CXX_FEATURE:1cxx_local_type_template_args
    Feature record: CXX_FEATURE:1cxx_long_long_type
    Feature record: CXX_FEATURE:1cxx_noexcept
    Feature record: CXX_FEATURE:1cxx_nonstatic_member_init
    Feature record: CXX_FEATURE:1cxx_nullptr
    Feature record: CXX_FEATURE:1cxx_override
    Feature record: CXX_FEATURE:1cxx_range_for
    Feature record: CXX_FEATURE:1cxx_raw_string_literals
    Feature record: CXX_FEATURE:1cxx_reference_qualified_functions
    Feature record: CXX_FEATURE:0cxx_relaxed_constexpr
    Feature record: CXX_FEATURE:1cxx_return_type_deduction
    Feature record: CXX_FEATURE:1cxx_right_angle_brackets
    Feature record: CXX_FEATURE:1cxx_rvalue_references
    Feature record: CXX_FEATURE:1cxx_sizeof_member
    Feature record: CXX_FEATURE:1cxx_static_assert
    Feature record: CXX_FEATURE:1cxx_strong_enums
    Feature record: CXX_FEATURE:1cxx_template_template_parameters
    Feature record: CXX_FEATURE:1cxx_thread_local
    Feature record: CXX_FEATURE:1cxx_trailing_return_types
    Feature record: CXX_FEATURE:1cxx_unicode_literals
    Feature record: CXX_FEATURE:1cxx_uniform_initialization
    Feature record: CXX_FEATURE:1cxx_unrestricted_unions
    Feature record: CXX_FEATURE:1cxx_user_literals
    Feature record: CXX_FEATURE:0cxx_variable_templates
    Feature record: CXX_FEATURE:1cxx_variadic_macros
    Feature record: CXX_FEATURE:1cxx_variadic_templates


Detecting CXX [-std=c++11] compiler features compiled with the following output:
Change Dir: /Users/baidu/Project/paddle-mobile/mobilenet-AS/app/src/main/jni/build/CMakeFiles/CMakeTmp

Run Build Command:"/usr/bin/make" "cmTC_079bf/fast"
/Applications/Xcode.app/Contents/Developer/usr/bin/make -f CMakeFiles/cmTC_079bf.dir/build.make CMakeFiles/cmTC_079bf.dir/build
Building CXX object CMakeFiles/cmTC_079bf.dir/feature_tests.cxx.o
/Users/baidu/Project/android-toolchain/bin/arm-linux-androideabi-g++ --sysroot=/Users/baidu/Project/android-toolchain/sysroot    -ffunction-sections -fdata-sections -mfpu=neon   -isysroot /Applications/Xcode.app/Contents/Developer/Platforms/MacOSX.platform/Developer/SDKs/MacOSX10.13.sdk   -std=c++11 -o CMakeFiles/cmTC_079bf.dir/feature_tests.cxx.o -c /Users/baidu/Project/paddle-mobile/mobilenet-AS/app/src/main/jni/build/CMakeFiles/feature_tests.cxx
Linking CXX executable cmTC_079bf
/usr/local/Cellar/cmake/3.8.0/bin/cmake -E cmake_link_script CMakeFiles/cmTC_079bf.dir/link.txt --verbose=1
/Users/baidu/Project/android-toolchain/bin/arm-linux-androideabi-g++ --sysroot=/Users/baidu/Project/android-toolchain/sysroot  -ffunction-sections -fdata-sections -mfpu=neon   -isysroot /Applications/Xcode.app/Contents/Developer/Platforms/MacOSX.platform/Developer/SDKs/MacOSX10.13.sdk -Wl,-search_paths_first -Wl,-headerpad_max_install_names   CMakeFiles/cmTC_079bf.dir/feature_tests.cxx.o  -o cmTC_079bf 
/Users/baidu/Project/android-toolchain/bin/../lib/gcc/arm-linux-androideabi/4.9.x/../../../../arm-linux-androideabi/bin/ld: warning: cannot find entry symbol 'arch_paths_first'


    Feature record: CXX_FEATURE:0cxx_aggregate_default_initializers
    Feature record: CXX_FEATURE:1cxx_alias_templates
    Feature record: CXX_FEATURE:1cxx_alignas
    Feature record: CXX_FEATURE:1cxx_alignof
    Feature record: CXX_FEATURE:1cxx_attributes
    Feature record: CXX_FEATURE:0cxx_attribute_deprecated
    Feature record: CXX_FEATURE:1cxx_auto_type
    Feature record: CXX_FEATURE:0cxx_binary_literals
    Feature record: CXX_FEATURE:1cxx_constexpr
    Feature record: CXX_FEATURE:0cxx_contextual_conversions
    Feature record: CXX_FEATURE:1cxx_decltype
    Feature record: CXX_FEATURE:0cxx_decltype_auto
    Feature record: CXX_FEATURE:1cxx_decltype_incomplete_return_types
    Feature record: CXX_FEATURE:1cxx_default_function_template_args
    Feature record: CXX_FEATURE:1cxx_defaulted_functions
    Feature record: CXX_FEATURE:1cxx_defaulted_move_initializers
    Feature record: CXX_FEATURE:1cxx_delegating_constructors
    Feature record: CXX_FEATURE:1cxx_deleted_functions
    Feature record: CXX_FEATURE:0cxx_digit_separators
    Feature record: CXX_FEATURE:1cxx_enum_forward_declarations
    Feature record: CXX_FEATURE:1cxx_explicit_conversions
    Feature record: CXX_FEATURE:1cxx_extended_friend_declarations
    Feature record: CXX_FEATURE:1cxx_extern_templates
    Feature record: CXX_FEATURE:1cxx_final
    Feature record: CXX_FEATURE:1cxx_func_identifier
    Feature record: CXX_FEATURE:1cxx_generalized_initializers
    Feature record: CXX_FEATURE:0cxx_generic_lambdas
    Feature record: CXX_FEATURE:1cxx_inheriting_constructors
    Feature record: CXX_FEATURE:1cxx_inline_namespaces
    Feature record: CXX_FEATURE:1cxx_lambdas
    Feature record: CXX_FEATURE:0cxx_lambda_init_captures
    Feature record: CXX_FEATURE:1cxx_local_type_template_args
    Feature record: CXX_FEATURE:1cxx_long_long_type
    Feature record: CXX_FEATURE:1cxx_noexcept
    Feature record: CXX_FEATURE:1cxx_nonstatic_member_init
    Feature record: CXX_FEATURE:1cxx_nullptr
    Feature record: CXX_FEATURE:1cxx_override
    Feature record: CXX_FEATURE:1cxx_range_for
    Feature record: CXX_FEATURE:1cxx_raw_string_literals
    Feature record: CXX_FEATURE:1cxx_reference_qualified_functions
    Feature record: CXX_FEATURE:0cxx_relaxed_constexpr
    Feature record: CXX_FEATURE:0cxx_return_type_deduction
    Feature record: CXX_FEATURE:1cxx_right_angle_brackets
    Feature record: CXX_FEATURE:1cxx_rvalue_references
    Feature record: CXX_FEATURE:1cxx_sizeof_member
    Feature record: CXX_FEATURE:1cxx_static_assert
    Feature record: CXX_FEATURE:1cxx_strong_enums
    Feature record: CXX_FEATURE:1cxx_template_template_parameters
    Feature record: CXX_FEATURE:1cxx_thread_local
    Feature record: CXX_FEATURE:1cxx_trailing_return_types
    Feature record: CXX_FEATURE:1cxx_unicode_literals
    Feature record: CXX_FEATURE:1cxx_uniform_initialization
    Feature record: CXX_FEATURE:1cxx_unrestricted_unions
    Feature record: CXX_FEATURE:1cxx_user_literals
    Feature record: CXX_FEATURE:0cxx_variable_templates
    Feature record: CXX_FEATURE:1cxx_variadic_macros
    Feature record: CXX_FEATURE:1cxx_variadic_templates


Detecting CXX [-std=c++98] compiler features compiled with the following output:
Change Dir: /Users/baidu/Project/paddle-mobile/mobilenet-AS/app/src/main/jni/build/CMakeFiles/CMakeTmp

Run Build Command:"/usr/bin/make" "cmTC_257e6/fast"
/Applications/Xcode.app/Contents/Developer/usr/bin/make -f CMakeFiles/cmTC_257e6.dir/build.make CMakeFiles/cmTC_257e6.dir/build
Building CXX object CMakeFiles/cmTC_257e6.dir/feature_tests.cxx.o
/Users/baidu/Project/android-toolchain/bin/arm-linux-androideabi-g++ --sysroot=/Users/baidu/Project/android-toolchain/sysroot    -ffunction-sections -fdata-sections -mfpu=neon   -isysroot /Applications/Xcode.app/Contents/Developer/Platforms/MacOSX.platform/Developer/SDKs/MacOSX10.13.sdk   -std=c++98 -o CMakeFiles/cmTC_257e6.dir/feature_tests.cxx.o -c /Users/baidu/Project/paddle-mobile/mobilenet-AS/app/src/main/jni/build/CMakeFiles/feature_tests.cxx
Linking CXX executable cmTC_257e6
/usr/local/Cellar/cmake/3.8.0/bin/cmake -E cmake_link_script CMakeFiles/cmTC_257e6.dir/link.txt --verbose=1
/Users/baidu/Project/android-toolchain/bin/arm-linux-androideabi-g++ --sysroot=/Users/baidu/Project/android-toolchain/sysroot  -ffunction-sections -fdata-sections -mfpu=neon   -isysroot /Applications/Xcode.app/Contents/Developer/Platforms/MacOSX.platform/Developer/SDKs/MacOSX10.13.sdk -Wl,-search_paths_first -Wl,-headerpad_max_install_names   CMakeFiles/cmTC_257e6.dir/feature_tests.cxx.o  -o cmTC_257e6 
/Users/baidu/Project/android-toolchain/bin/../lib/gcc/arm-linux-androideabi/4.9.x/../../../../arm-linux-androideabi/bin/ld: warning: cannot find entry symbol 'arch_paths_first'


    Feature record: CXX_FEATURE:0cxx_aggregate_default_initializers
    Feature record: CXX_FEATURE:0cxx_alias_templates
    Feature record: CXX_FEATURE:0cxx_alignas
    Feature record: CXX_FEATURE:0cxx_alignof
    Feature record: CXX_FEATURE:0cxx_attributes
    Feature record: CXX_FEATURE:0cxx_attribute_deprecated
    Feature record: CXX_FEATURE:0cxx_auto_type
    Feature record: CXX_FEATURE:0cxx_binary_literals
    Feature record: CXX_FEATURE:0cxx_constexpr
    Feature record: CXX_FEATURE:0cxx_contextual_conversions
    Feature record: CXX_FEATURE:0cxx_decltype
    Feature record: CXX_FEATURE:0cxx_decltype_auto
    Feature record: CXX_FEATURE:0cxx_decltype_incomplete_return_types
    Feature record: CXX_FEATURE:0cxx_default_function_template_args
    Feature record: CXX_FEATURE:0cxx_defaulted_functions
    Feature record: CXX_FEATURE:0cxx_defaulted_move_initializers
    Feature record: CXX_FEATURE:0cxx_delegating_constructors
    Feature record: CXX_FEATURE:0cxx_deleted_functions
    Feature record: CXX_FEATURE:0cxx_digit_separators
    Feature record: CXX_FEATURE:0cxx_enum_forward_declarations
    Feature record: CXX_FEATURE:0cxx_explicit_conversions
    Feature record: CXX_FEATURE:0cxx_extended_friend_declarations
    Feature record: CXX_FEATURE:0cxx_extern_templates
    Feature record: CXX_FEATURE:0cxx_final
    Feature record: CXX_FEATURE:0cxx_func_identifier
    Feature record: CXX_FEATURE:0cxx_generalized_initializers
    Feature record: CXX_FEATURE:0cxx_generic_lambdas
    Feature record: CXX_FEATURE:0cxx_inheriting_constructors
    Feature record: CXX_FEATURE:0cxx_inline_namespaces
    Feature record: CXX_FEATURE:0cxx_lambdas
    Feature record: CXX_FEATURE:0cxx_lambda_init_captures
    Feature record: CXX_FEATURE:0cxx_local_type_template_args
    Feature record: CXX_FEATURE:0cxx_long_long_type
    Feature record: CXX_FEATURE:0cxx_noexcept
    Feature record: CXX_FEATURE:0cxx_nonstatic_member_init
    Feature record: CXX_FEATURE:0cxx_nullptr
    Feature record: CXX_FEATURE:0cxx_override
    Feature record: CXX_FEATURE:0cxx_range_for
    Feature record: CXX_FEATURE:0cxx_raw_string_literals
    Feature record: CXX_FEATURE:0cxx_reference_qualified_functions
    Feature record: CXX_FEATURE:0cxx_relaxed_constexpr
    Feature record: CXX_FEATURE:0cxx_return_type_deduction
    Feature record: CXX_FEATURE:0cxx_right_angle_brackets
    Feature record: CXX_FEATURE:0cxx_rvalue_references
    Feature record: CXX_FEATURE:0cxx_sizeof_member
    Feature record: CXX_FEATURE:0cxx_static_assert
    Feature record: CXX_FEATURE:0cxx_strong_enums
    Feature record: CXX_FEATURE:1cxx_template_template_parameters
    Feature record: CXX_FEATURE:0cxx_thread_local
    Feature record: CXX_FEATURE:0cxx_trailing_return_types
    Feature record: CXX_FEATURE:0cxx_unicode_literals
    Feature record: CXX_FEATURE:0cxx_uniform_initialization
    Feature record: CXX_FEATURE:0cxx_unrestricted_unions
    Feature record: CXX_FEATURE:0cxx_user_literals
    Feature record: CXX_FEATURE:0cxx_variable_templates
    Feature record: CXX_FEATURE:0cxx_variadic_macros
    Feature record: CXX_FEATURE:0cxx_variadic_templates
Determining if the C compiler works passed with the following output:
Change Dir: /Users/baidu/Project/paddle-mobile/mobilenet-AS/app/src/main/jni/build/CMakeFiles/CMakeTmp

Run Build Command:"/usr/bin/make" "cmTC_c58bd/fast"
/Applications/Xcode.app/Contents/Developer/usr/bin/make -f CMakeFiles/cmTC_c58bd.dir/build.make CMakeFiles/cmTC_c58bd.dir/build
Building C object CMakeFiles/cmTC_c58bd.dir/testCCompiler.c.o
/Users/baidu/Project/android-toolchain/bin/arm-linux-androideabi-gcc --sysroot=/Users/baidu/Project/android-toolchain/sysroot   -ffunction-sections -fdata-sections -mfpu=neon   -isysroot /Applications/Xcode.app/Contents/Developer/Platforms/MacOSX.platform/Developer/SDKs/MacOSX10.13.sdk   -o CMakeFiles/cmTC_c58bd.dir/testCCompiler.c.o   -c /Users/baidu/Project/paddle-mobile/mobilenet-AS/app/src/main/jni/build/CMakeFiles/CMakeTmp/testCCompiler.c
Linking C executable cmTC_c58bd
/usr/local/Cellar/cmake/3.8.0/bin/cmake -E cmake_link_script CMakeFiles/cmTC_c58bd.dir/link.txt --verbose=1
/Users/baidu/Project/android-toolchain/bin/arm-linux-androideabi-gcc --sysroot=/Users/baidu/Project/android-toolchain/sysroot -ffunction-sections -fdata-sections -mfpu=neon   -isysroot /Applications/Xcode.app/Contents/Developer/Platforms/MacOSX.platform/Developer/SDKs/MacOSX10.13.sdk -Wl,-search_paths_first -Wl,-headerpad_max_install_names   CMakeFiles/cmTC_c58bd.dir/testCCompiler.c.o  -o cmTC_c58bd 
/Users/baidu/Project/android-toolchain/bin/../lib/gcc/arm-linux-androideabi/4.9.x/../../../../arm-linux-androideabi/bin/ld: warning: cannot find entry symbol 'arch_paths_first'


Detecting C compiler ABI info compiled with the following output:
Change Dir: /Users/baidu/Project/paddle-mobile/mobilenet-AS/app/src/main/jni/build/CMakeFiles/CMakeTmp

Run Build Command:"/usr/bin/make" "cmTC_c8ff8/fast"
/Applications/Xcode.app/Contents/Developer/usr/bin/make -f CMakeFiles/cmTC_c8ff8.dir/build.make CMakeFiles/cmTC_c8ff8.dir/build
Building C object CMakeFiles/cmTC_c8ff8.dir/CMakeCCompilerABI.c.o
/Users/baidu/Project/android-toolchain/bin/arm-linux-androideabi-gcc --sysroot=/Users/baidu/Project/android-toolchain/sysroot   -ffunction-sections -fdata-sections -mfpu=neon   -isysroot /Applications/Xcode.app/Contents/Developer/Platforms/MacOSX.platform/Developer/SDKs/MacOSX10.13.sdk   -o CMakeFiles/cmTC_c8ff8.dir/CMakeCCompilerABI.c.o   -c /usr/local/Cellar/cmake/3.8.0/share/cmake/Modules/CMakeCCompilerABI.c
Linking C executable cmTC_c8ff8
/usr/local/Cellar/cmake/3.8.0/bin/cmake -E cmake_link_script CMakeFiles/cmTC_c8ff8.dir/link.txt --verbose=1
/Users/baidu/Project/android-toolchain/bin/arm-linux-androideabi-gcc --sysroot=/Users/baidu/Project/android-toolchain/sysroot -ffunction-sections -fdata-sections -mfpu=neon   -isysroot /Applications/Xcode.app/Contents/Developer/Platforms/MacOSX.platform/Developer/SDKs/MacOSX10.13.sdk -Wl,-search_paths_first -Wl,-headerpad_max_install_names  -v -Wl,-v CMakeFiles/cmTC_c8ff8.dir/CMakeCCompilerABI.c.o  -o cmTC_c8ff8 
Using built-in specs.
COLLECT_GCC=/Users/baidu/Project/android-toolchain/bin/arm-linux-androideabi-gcc
COLLECT_LTO_WRAPPER=/Users/baidu/Project/android-toolchain/bin/../libexec/gcc/arm-linux-androideabi/4.9.x/lto-wrapper
Target: arm-linux-androideabi
Configured with: /Volumes/Android/buildbot/src/android/gcc/toolchain/build/../gcc/gcc-4.9/configure --prefix=/tmp/0899942388fbb00fc6ca4802fb5910ae --target=arm-linux-androideabi --host=x86_64-apple-darwin --build=x86_64-apple-darwin --with-gnu-as --with-gnu-ld --enable-languages=c,c++ --with-gmp=/buildbot/tmp/build/toolchain/temp-install --with-mpfr=/buildbot/tmp/build/toolchain/temp-install --with-mpc=/buildbot/tmp/build/toolchain/temp-install --with-cloog=/buildbot/tmp/build/toolchain/temp-install --with-isl=/buildbot/tmp/build/toolchain/temp-install --with-ppl=/buildbot/tmp/build/toolchain/temp-install --disable-ppl-version-check --disable-cloog-version-check --disable-isl-version-check --enable-cloog-backend=isl --with-host-libstdcxx='-static-libgcc -lstdc++ -lm' --disable-libssp --enable-threads --disable-nls --disable-libmudflap --disable-libgomp --disable-libstdc__-v3 --disable-sjlj-exceptions --disable-shared --disable-tls --disable-libitm --with-float=soft --with-fpu=vfp --with-arch=armv5te --enable-target-optspace --enable-bionic-libs --enable-libatomic-ifuncs=no --enable-initfini-array --disable-nls --prefix=/tmp/0899942388fbb00fc6ca4802fb5910ae --with-sysroot=/tmp/0899942388fbb00fc6ca4802fb5910ae/sysroot --with-binutils-version=2.25 --with-mpfr-version=3.1.1 --with-mpc-version=1.0.1 --with-gmp-version=5.0.5 --with-gcc-version=4.9 --with-gdb-version=none --with-gxx-include-dir=/tmp/0899942388fbb00fc6ca4802fb5910ae/include/c++/4.9.x --with-bugurl=http://source.android.com/source/report-bugs.html --enable-languages=c,c++ --disable-bootstrap --enable-plugins --enable-libgomp --enable-gnu-indirect-function --disable-libsanitizer --enable-gold --enable-threads --enable-eh-frame-hdr-for-static --enable-graphite=yes --with-isl-version=0.11.1 --with-cloog-version=0.18.0 --with-arch=armv5te --program-transform-name='s&^&arm-linux-androideabi-&' --enable-gold=default
Thread model: posix
gcc version 4.9.x 20150123 (prerelease) (GCC) 
COMPILER_PATH=/Users/baidu/Project/android-toolchain/bin/../libexec/gcc/arm-linux-androideabi/4.9.x/:/Users/baidu/Project/android-toolchain/bin/../libexec/gcc/:/Users/baidu/Project/android-toolchain/bin/../lib/gcc/arm-linux-androideabi/4.9.x/../../../../arm-linux-androideabi/bin/
LIBRARY_PATH=/Users/baidu/Project/android-toolchain/bin/../lib/gcc/arm-linux-androideabi/4.9.x/:/Users/baidu/Project/android-toolchain/bin/../lib/gcc/:/Users/baidu/Project/android-toolchain/bin/../lib/gcc/arm-linux-androideabi/4.9.x/../../../../arm-linux-androideabi/lib/:/Users/baidu/Project/android-toolchain/sysroot/usr/lib/
COLLECT_GCC_OPTIONS='-ffunction-sections' '-fdata-sections' '-mfpu=neon' '-isysroot' '/Applications/Xcode.app/Contents/Developer/Platforms/MacOSX.platform/Developer/SDKs/MacOSX10.13.sdk' '-v' '-o' 'cmTC_c8ff8' '-march=armv5te' '-mfloat-abi=soft' '-mtls-dialect=gnu'
 /Users/baidu/Project/android-toolchain/bin/../libexec/gcc/arm-linux-androideabi/4.9.x/collect2 -plugin /Users/baidu/Project/android-toolchain/bin/../libexec/gcc/arm-linux-androideabi/4.9.x/liblto_plugin.so -plugin-opt=/Users/baidu/Project/android-toolchain/bin/../libexec/gcc/arm-linux-androideabi/4.9.x/lto-wrapper -plugin-opt=-fresolution=/var/folders/sc/rpg0yq054hb7vdr83ms1rp2w0000gn/T//ccytHWpr.res -plugin-opt=-pass-through=-lgcc -plugin-opt=-pass-through=-lc -plugin-opt=-pass-through=-ldl -plugin-opt=-pass-through=-lgcc --sysroot=/Users/baidu/Project/android-toolchain/sysroot --eh-frame-hdr -dynamic-linker /system/bin/linker -X -m armelf_linux_eabi -z noexecstack -z relro -z now -o cmTC_c8ff8 /Users/baidu/Project/android-toolchain/sysroot/usr/lib/crtbegin_dynamic.o -L/Users/baidu/Project/android-toolchain/bin/../lib/gcc/arm-linux-androideabi/4.9.x -L/Users/baidu/Project/android-toolchain/bin/../lib/gcc -L/Users/baidu/Project/android-toolchain/bin/../lib/gcc/arm-linux-androideabi/4.9.x/../../../../arm-linux-androideabi/lib -L/Users/baidu/Project/android-toolchain/sysroot/usr/lib -search_paths_first -headerpad_max_install_names -v CMakeFiles/cmTC_c8ff8.dir/CMakeCCompilerABI.c.o -lgcc -lc -ldl -lgcc /Users/baidu/Project/android-toolchain/sysroot/usr/lib/crtend_android.o
collect2 version 4.9.x 20150123 (prerelease)
/Users/baidu/Project/android-toolchain/bin/../lib/gcc/arm-linux-androideabi/4.9.x/../../../../arm-linux-androideabi/bin/ld -plugin /Users/baidu/Project/android-toolchain/bin/../libexec/gcc/arm-linux-androideabi/4.9.x/liblto_plugin.so -plugin-opt=/Users/baidu/Project/android-toolchain/bin/../libexec/gcc/arm-linux-androideabi/4.9.x/lto-wrapper -plugin-opt=-fresolution=/var/folders/sc/rpg0yq054hb7vdr83ms1rp2w0000gn/T//ccytHWpr.res -plugin-opt=-pass-through=-lgcc -plugin-opt=-pass-through=-lc -plugin-opt=-pass-through=-ldl -plugin-opt=-pass-through=-lgcc --sysroot=/Users/baidu/Project/android-toolchain/sysroot --eh-frame-hdr -dynamic-linker /system/bin/linker -X -m armelf_linux_eabi -z noexecstack -z relro -z now -o cmTC_c8ff8 /Users/baidu/Project/android-toolchain/sysroot/usr/lib/crtbegin_dynamic.o -L/Users/baidu/Project/android-toolchain/bin/../lib/gcc/arm-linux-androideabi/4.9.x -L/Users/baidu/Project/android-toolchain/bin/../lib/gcc -L/Users/baidu/Project/android-toolchain/bin/../lib/gcc/arm-linux-androideabi/4.9.x/../../../../arm-linux-androideabi/lib -L/Users/baidu/Project/android-toolchain/sysroot/usr/lib -search_paths_first -headerpad_max_install_names -v CMakeFiles/cmTC_c8ff8.dir/CMakeCCompilerABI.c.o -lgcc -lc -ldl -lgcc /Users/baidu/Project/android-toolchain/sysroot/usr/lib/crtend_android.o
GNU gold (binutils-2.25-0666073 2.25.51.20141117) 1.11/Users/baidu/Project/android-toolchain/bin/../lib/gcc/arm-linux-androideabi/4.9.x/../../../../arm-linux-androideabi/bin/ld: warning: cannot find entry symbol 'arch_paths_first'



Parsed C implicit link information from above output:
  link line regex: [^( *|.*[/\])(ld|([^/\]+-)?ld|collect2)[^/\]*( |$)]
  ignore line: [Change Dir: /Users/baidu/Project/paddle-mobile/mobilenet-AS/app/src/main/jni/build/CMakeFiles/CMakeTmp]
  ignore line: []
  ignore line: [Run Build Command:"/usr/bin/make" "cmTC_c8ff8/fast"]
  ignore line: [/Applications/Xcode.app/Contents/Developer/usr/bin/make -f CMakeFiles/cmTC_c8ff8.dir/build.make CMakeFiles/cmTC_c8ff8.dir/build]
  ignore line: [Building C object CMakeFiles/cmTC_c8ff8.dir/CMakeCCompilerABI.c.o]
  ignore line: [/Users/baidu/Project/android-toolchain/bin/arm-linux-androideabi-gcc --sysroot=/Users/baidu/Project/android-toolchain/sysroot   -ffunction-sections -fdata-sections -mfpu=neon   -isysroot /Applications/Xcode.app/Contents/Developer/Platforms/MacOSX.platform/Developer/SDKs/MacOSX10.13.sdk   -o CMakeFiles/cmTC_c8ff8.dir/CMakeCCompilerABI.c.o   -c /usr/local/Cellar/cmake/3.8.0/share/cmake/Modules/CMakeCCompilerABI.c]
  ignore line: [Linking C executable cmTC_c8ff8]
  ignore line: [/usr/local/Cellar/cmake/3.8.0/bin/cmake -E cmake_link_script CMakeFiles/cmTC_c8ff8.dir/link.txt --verbose=1]
  ignore line: [/Users/baidu/Project/android-toolchain/bin/arm-linux-androideabi-gcc --sysroot=/Users/baidu/Project/android-toolchain/sysroot -ffunction-sections -fdata-sections -mfpu=neon   -isysroot /Applications/Xcode.app/Contents/Developer/Platforms/MacOSX.platform/Developer/SDKs/MacOSX10.13.sdk -Wl,-search_paths_first -Wl,-headerpad_max_install_names  -v -Wl,-v CMakeFiles/cmTC_c8ff8.dir/CMakeCCompilerABI.c.o  -o cmTC_c8ff8 ]
  ignore line: [Using built-in specs.]
  ignore line: [COLLECT_GCC=/Users/baidu/Project/android-toolchain/bin/arm-linux-androideabi-gcc]
  ignore line: [COLLECT_LTO_WRAPPER=/Users/baidu/Project/android-toolchain/bin/../libexec/gcc/arm-linux-androideabi/4.9.x/lto-wrapper]
  ignore line: [Target: arm-linux-androideabi]
  ignore line: [Configured with: /Volumes/Android/buildbot/src/android/gcc/toolchain/build/../gcc/gcc-4.9/configure --prefix=/tmp/0899942388fbb00fc6ca4802fb5910ae --target=arm-linux-androideabi --host=x86_64-apple-darwin --build=x86_64-apple-darwin --with-gnu-as --with-gnu-ld --enable-languages=c,c++ --with-gmp=/buildbot/tmp/build/toolchain/temp-install --with-mpfr=/buildbot/tmp/build/toolchain/temp-install --with-mpc=/buildbot/tmp/build/toolchain/temp-install --with-cloog=/buildbot/tmp/build/toolchain/temp-install --with-isl=/buildbot/tmp/build/toolchain/temp-install --with-ppl=/buildbot/tmp/build/toolchain/temp-install --disable-ppl-version-check --disable-cloog-version-check --disable-isl-version-check --enable-cloog-backend=isl --with-host-libstdcxx='-static-libgcc -lstdc++ -lm' --disable-libssp --enable-threads --disable-nls --disable-libmudflap --disable-libgomp --disable-libstdc__-v3 --disable-sjlj-exceptions --disable-shared --disable-tls --disable-libitm --with-float=soft --with-fpu=vfp --with-arch=armv5te --enable-target-optspace --enable-bionic-libs --enable-libatomic-ifuncs=no --enable-initfini-array --disable-nls --prefix=/tmp/0899942388fbb00fc6ca4802fb5910ae --with-sysroot=/tmp/0899942388fbb00fc6ca4802fb5910ae/sysroot --with-binutils-version=2.25 --with-mpfr-version=3.1.1 --with-mpc-version=1.0.1 --with-gmp-version=5.0.5 --with-gcc-version=4.9 --with-gdb-version=none --with-gxx-include-dir=/tmp/0899942388fbb00fc6ca4802fb5910ae/include/c++/4.9.x --with-bugurl=http://source.android.com/source/report-bugs.html --enable-languages=c,c++ --disable-bootstrap --enable-plugins --enable-libgomp --enable-gnu-indirect-function --disable-libsanitizer --enable-gold --enable-threads --enable-eh-frame-hdr-for-static --enable-graphite=yes --with-isl-version=0.11.1 --with-cloog-version=0.18.0 --with-arch=armv5te --program-transform-name='s&^&arm-linux-androideabi-&' --enable-gold=default]
  ignore line: [Thread model: posix]
  ignore line: [gcc version 4.9.x 20150123 (prerelease) (GCC) ]
  ignore line: [COMPILER_PATH=/Users/baidu/Project/android-toolchain/bin/../libexec/gcc/arm-linux-androideabi/4.9.x/:/Users/baidu/Project/android-toolchain/bin/../libexec/gcc/:/Users/baidu/Project/android-toolchain/bin/../lib/gcc/arm-linux-androideabi/4.9.x/../../../../arm-linux-androideabi/bin/]
  ignore line: [LIBRARY_PATH=/Users/baidu/Project/android-toolchain/bin/../lib/gcc/arm-linux-androideabi/4.9.x/:/Users/baidu/Project/android-toolchain/bin/../lib/gcc/:/Users/baidu/Project/android-toolchain/bin/../lib/gcc/arm-linux-androideabi/4.9.x/../../../../arm-linux-androideabi/lib/:/Users/baidu/Project/android-toolchain/sysroot/usr/lib/]
  ignore line: [COLLECT_GCC_OPTIONS='-ffunction-sections' '-fdata-sections' '-mfpu=neon' '-isysroot' '/Applications/Xcode.app/Contents/Developer/Platforms/MacOSX.platform/Developer/SDKs/MacOSX10.13.sdk' '-v' '-o' 'cmTC_c8ff8' '-march=armv5te' '-mfloat-abi=soft' '-mtls-dialect=gnu']
  link line: [ /Users/baidu/Project/android-toolchain/bin/../libexec/gcc/arm-linux-androideabi/4.9.x/collect2 -plugin /Users/baidu/Project/android-toolchain/bin/../libexec/gcc/arm-linux-androideabi/4.9.x/liblto_plugin.so -plugin-opt=/Users/baidu/Project/android-toolchain/bin/../libexec/gcc/arm-linux-androideabi/4.9.x/lto-wrapper -plugin-opt=-fresolution=/var/folders/sc/rpg0yq054hb7vdr83ms1rp2w0000gn/T//ccytHWpr.res -plugin-opt=-pass-through=-lgcc -plugin-opt=-pass-through=-lc -plugin-opt=-pass-through=-ldl -plugin-opt=-pass-through=-lgcc --sysroot=/Users/baidu/Project/android-toolchain/sysroot --eh-frame-hdr -dynamic-linker /system/bin/linker -X -m armelf_linux_eabi -z noexecstack -z relro -z now -o cmTC_c8ff8 /Users/baidu/Project/android-toolchain/sysroot/usr/lib/crtbegin_dynamic.o -L/Users/baidu/Project/android-toolchain/bin/../lib/gcc/arm-linux-androideabi/4.9.x -L/Users/baidu/Project/android-toolchain/bin/../lib/gcc -L/Users/baidu/Project/android-toolchain/bin/../lib/gcc/arm-linux-androideabi/4.9.x/../../../../arm-linux-androideabi/lib -L/Users/baidu/Project/android-toolchain/sysroot/usr/lib -search_paths_first -headerpad_max_install_names -v CMakeFiles/cmTC_c8ff8.dir/CMakeCCompilerABI.c.o -lgcc -lc -ldl -lgcc /Users/baidu/Project/android-toolchain/sysroot/usr/lib/crtend_android.o]
    arg [/Users/baidu/Project/android-toolchain/bin/../libexec/gcc/arm-linux-androideabi/4.9.x/collect2] ==> ignore
    arg [-plugin] ==> ignore
    arg [/Users/baidu/Project/android-toolchain/bin/../libexec/gcc/arm-linux-androideabi/4.9.x/liblto_plugin.so] ==> ignore
    arg [-plugin-opt=/Users/baidu/Project/android-toolchain/bin/../libexec/gcc/arm-linux-androideabi/4.9.x/lto-wrapper] ==> ignore
    arg [-plugin-opt=-fresolution=/var/folders/sc/rpg0yq054hb7vdr83ms1rp2w0000gn/T//ccytHWpr.res] ==> ignore
    arg [-plugin-opt=-pass-through=-lgcc] ==> ignore
    arg [-plugin-opt=-pass-through=-lc] ==> ignore
    arg [-plugin-opt=-pass-through=-ldl] ==> ignore
    arg [-plugin-opt=-pass-through=-lgcc] ==> ignore
    arg [--sysroot=/Users/baidu/Project/android-toolchain/sysroot] ==> ignore
    arg [--eh-frame-hdr] ==> ignore
    arg [-dynamic-linker] ==> ignore
    arg [/system/bin/linker] ==> ignore
    arg [-X] ==> ignore
    arg [-m] ==> ignore
    arg [armelf_linux_eabi] ==> ignore
    arg [-znoexecstack] ==> ignore
    arg [-zrelro] ==> ignore
    arg [-znow] ==> ignore
    arg [-o] ==> ignore
    arg [cmTC_c8ff8] ==> ignore
    arg [/Users/baidu/Project/android-toolchain/sysroot/usr/lib/crtbegin_dynamic.o] ==> ignore
    arg [-L/Users/baidu/Project/android-toolchain/bin/../lib/gcc/arm-linux-androideabi/4.9.x] ==> dir [/Users/baidu/Project/android-toolchain/bin/../lib/gcc/arm-linux-androideabi/4.9.x]
    arg [-L/Users/baidu/Project/android-toolchain/bin/../lib/gcc] ==> dir [/Users/baidu/Project/android-toolchain/bin/../lib/gcc]
    arg [-L/Users/baidu/Project/android-toolchain/bin/../lib/gcc/arm-linux-androideabi/4.9.x/../../../../arm-linux-androideabi/lib] ==> dir [/Users/baidu/Project/android-toolchain/bin/../lib/gcc/arm-linux-androideabi/4.9.x/../../../../arm-linux-androideabi/lib]
    arg [-L/Users/baidu/Project/android-toolchain/sysroot/usr/lib] ==> dir [/Users/baidu/Project/android-toolchain/sysroot/usr/lib]
    arg [-search_paths_first] ==> ignore
    arg [-headerpad_max_install_names] ==> ignore
    arg [-v] ==> ignore
    arg [CMakeFiles/cmTC_c8ff8.dir/CMakeCCompilerABI.c.o] ==> ignore
    arg [-lgcc] ==> lib [gcc]
    arg [-lc] ==> lib [c]
    arg [-ldl] ==> lib [dl]
    arg [-lgcc] ==> lib [gcc]
    arg [/Users/baidu/Project/android-toolchain/sysroot/usr/lib/crtend_android.o] ==> ignore
  remove lib [gcc]
  remove lib [gcc]
  collapse library dir [/Users/baidu/Project/android-toolchain/bin/../lib/gcc/arm-linux-androideabi/4.9.x] ==> [/Users/baidu/Project/android-toolchain/lib/gcc/arm-linux-androideabi/4.9.x]
  collapse library dir [/Users/baidu/Project/android-toolchain/bin/../lib/gcc] ==> [/Users/baidu/Project/android-toolchain/lib/gcc]
  collapse library dir [/Users/baidu/Project/android-toolchain/bin/../lib/gcc/arm-linux-androideabi/4.9.x/../../../../arm-linux-androideabi/lib] ==> [/Users/baidu/Project/android-toolchain/arm-linux-androideabi/lib]
  collapse library dir [/Users/baidu/Project/android-toolchain/sysroot/usr/lib] ==> [/Users/baidu/Project/android-toolchain/sysroot/usr/lib]
  implicit libs: [c;dl]
  implicit dirs: [/Users/baidu/Project/android-toolchain/lib/gcc/arm-linux-androideabi/4.9.x;/Users/baidu/Project/android-toolchain/lib/gcc;/Users/baidu/Project/android-toolchain/arm-linux-androideabi/lib;/Users/baidu/Project/android-toolchain/sysroot/usr/lib]
  implicit fwks: []




Detecting C [-std=c11] compiler features compiled with the following output:
Change Dir: /Users/baidu/Project/paddle-mobile/mobilenet-AS/app/src/main/jni/build/CMakeFiles/CMakeTmp

Run Build Command:"/usr/bin/make" "cmTC_4bf0c/fast"
/Applications/Xcode.app/Contents/Developer/usr/bin/make -f CMakeFiles/cmTC_4bf0c.dir/build.make CMakeFiles/cmTC_4bf0c.dir/build
Building C object CMakeFiles/cmTC_4bf0c.dir/feature_tests.c.o
/Users/baidu/Project/android-toolchain/bin/arm-linux-androideabi-gcc --sysroot=/Users/baidu/Project/android-toolchain/sysroot   -ffunction-sections -fdata-sections -mfpu=neon   -isysroot /Applications/Xcode.app/Contents/Developer/Platforms/MacOSX.platform/Developer/SDKs/MacOSX10.13.sdk   -std=c11 -o CMakeFiles/cmTC_4bf0c.dir/feature_tests.c.o   -c /Users/baidu/Project/paddle-mobile/mobilenet-AS/app/src/main/jni/build/CMakeFiles/feature_tests.c
Linking C executable cmTC_4bf0c
/usr/local/Cellar/cmake/3.8.0/bin/cmake -E cmake_link_script CMakeFiles/cmTC_4bf0c.dir/link.txt --verbose=1
/Users/baidu/Project/android-toolchain/bin/arm-linux-androideabi-gcc --sysroot=/Users/baidu/Project/android-toolchain/sysroot -ffunction-sections -fdata-sections -mfpu=neon   -isysroot /Applications/Xcode.app/Contents/Developer/Platforms/MacOSX.platform/Developer/SDKs/MacOSX10.13.sdk -Wl,-search_paths_first -Wl,-headerpad_max_install_names   CMakeFiles/cmTC_4bf0c.dir/feature_tests.c.o  -o cmTC_4bf0c 
/Users/baidu/Project/android-toolchain/bin/../lib/gcc/arm-linux-androideabi/4.9.x/../../../../arm-linux-androideabi/bin/ld: warning: cannot find entry symbol 'arch_paths_first'


    Feature record: C_FEATURE:1c_function_prototypes
    Feature record: C_FEATURE:1c_restrict
    Feature record: C_FEATURE:1c_static_assert
    Feature record: C_FEATURE:1c_variadic_macros


Detecting C [-std=c99] compiler features compiled with the following output:
Change Dir: /Users/baidu/Project/paddle-mobile/mobilenet-AS/app/src/main/jni/build/CMakeFiles/CMakeTmp

Run Build Command:"/usr/bin/make" "cmTC_9e3ac/fast"
/Applications/Xcode.app/Contents/Developer/usr/bin/make -f CMakeFiles/cmTC_9e3ac.dir/build.make CMakeFiles/cmTC_9e3ac.dir/build
Building C object CMakeFiles/cmTC_9e3ac.dir/feature_tests.c.o
/Users/baidu/Project/android-toolchain/bin/arm-linux-androideabi-gcc --sysroot=/Users/baidu/Project/android-toolchain/sysroot   -ffunction-sections -fdata-sections -mfpu=neon   -isysroot /Applications/Xcode.app/Contents/Developer/Platforms/MacOSX.platform/Developer/SDKs/MacOSX10.13.sdk   -std=c99 -o CMakeFiles/cmTC_9e3ac.dir/feature_tests.c.o   -c /Users/baidu/Project/paddle-mobile/mobilenet-AS/app/src/main/jni/build/CMakeFiles/feature_tests.c
Linking C executable cmTC_9e3ac
/usr/local/Cellar/cmake/3.8.0/bin/cmake -E cmake_link_script CMakeFiles/cmTC_9e3ac.dir/link.txt --verbose=1
/Users/baidu/Project/android-toolchain/bin/arm-linux-androideabi-gcc --sysroot=/Users/baidu/Project/android-toolchain/sysroot -ffunction-sections -fdata-sections -mfpu=neon   -isysroot /Applications/Xcode.app/Contents/Developer/Platforms/MacOSX.platform/Developer/SDKs/MacOSX10.13.sdk -Wl,-search_paths_first -Wl,-headerpad_max_install_names   CMakeFiles/cmTC_9e3ac.dir/feature_tests.c.o  -o cmTC_9e3ac 
/Users/baidu/Project/android-toolchain/bin/../lib/gcc/arm-linux-androideabi/4.9.x/../../../../arm-linux-androideabi/bin/ld: warning: cannot find entry symbol 'arch_paths_first'


    Feature record: C_FEATURE:1c_function_prototypes
    Feature record: C_FEATURE:1c_restrict
    Feature record: C_FEATURE:0c_static_assert
    Feature record: C_FEATURE:1c_variadic_macros


Detecting C [-std=c90] compiler features compiled with the following output:
Change Dir: /Users/baidu/Project/paddle-mobile/mobilenet-AS/app/src/main/jni/build/CMakeFiles/CMakeTmp

Run Build Command:"/usr/bin/make" "cmTC_31d8d/fast"
/Applications/Xcode.app/Contents/Developer/usr/bin/make -f CMakeFiles/cmTC_31d8d.dir/build.make CMakeFiles/cmTC_31d8d.dir/build
Building C object CMakeFiles/cmTC_31d8d.dir/feature_tests.c.o
/Users/baidu/Project/android-toolchain/bin/arm-linux-androideabi-gcc --sysroot=/Users/baidu/Project/android-toolchain/sysroot   -ffunction-sections -fdata-sections -mfpu=neon   -isysroot /Applications/Xcode.app/Contents/Developer/Platforms/MacOSX.platform/Developer/SDKs/MacOSX10.13.sdk   -std=c90 -o CMakeFiles/cmTC_31d8d.dir/feature_tests.c.o   -c /Users/baidu/Project/paddle-mobile/mobilenet-AS/app/src/main/jni/build/CMakeFiles/feature_tests.c
Linking C executable cmTC_31d8d
/usr/local/Cellar/cmake/3.8.0/bin/cmake -E cmake_link_script CMakeFiles/cmTC_31d8d.dir/link.txt --verbose=1
/Users/baidu/Project/android-toolchain/bin/arm-linux-androideabi-gcc --sysroot=/Users/baidu/Project/android-toolchain/sysroot -ffunction-sections -fdata-sections -mfpu=neon   -isysroot /Applications/Xcode.app/Contents/Developer/Platforms/MacOSX.platform/Developer/SDKs/MacOSX10.13.sdk -Wl,-search_paths_first -Wl,-headerpad_max_install_names   CMakeFiles/cmTC_31d8d.dir/feature_tests.c.o  -o cmTC_31d8d 
/Users/baidu/Project/android-toolchain/bin/../lib/gcc/arm-linux-androideabi/4.9.x/../../../../arm-linux-androideabi/bin/ld: warning: cannot find entry symbol 'arch_paths_first'


    Feature record: C_FEATURE:1c_function_prototypes
    Feature record: C_FEATURE:0c_restrict
    Feature record: C_FEATURE:0c_static_assert
    Feature record: C_FEATURE:0c_variadic_macros
